<?xml version="1.0" encoding="UTF-8"?>
<testsuites name="Mocha Tests" time="14.488" tests="21" failures="0">
  <testsuite name="Root Suite" timestamp="2026-09-02T08:18:51" tests="0" time="0.000" failures="0">
  </testsuite>
  <testsuite name="LOGIN Selenium suite - đăng nhập &amp; phân quyền" timestamp="2026-09-02T08:18:51" tests="8" file="D:\software-testing-and-evaluation\tests\selenium-js\src\specs\login.e2e.mjs" time="4.258" failures="0">
    <testcase name="LOGIN Selenium suite - đăng nhập &amp; phân quyền LOGIN-001 admin đăng nhập đúng và thấy vai trò Quản trị viên" time="0.364" classname="LOGIN-001 admin đăng nhập đúng và thấy vai trò Quản trị viên">
    </testcase>
    <testcase name="LOGIN Selenium suite - đăng nhập &amp; phân quyền LOGIN-002 tester đăng nhập đúng và thấy vai trò Kiểm thử viên" time="0.411" classname="LOGIN-002 tester đăng nhập đúng và thấy vai trò Kiểm thử viên">
    </testcase>
    <testcase name="LOGIN Selenium suite - đăng nhập &amp; phân quyền LOGIN-003 sai mật khẩu hiển thị thông báo lỗi" time="0.124" classname="LOGIN-003 sai mật khẩu hiển thị thông báo lỗi">
    </testcase>
    <testcase name="LOGIN Selenium suite - đăng nhập &amp; phân quyền LOGIN-004 truy cập trang nội bộ khi chưa đăng nhập sẽ bị chuyển về /login" time="0.290" classname="LOGIN-004 truy cập trang nội bộ khi chưa đăng nhập sẽ bị chuyển về /login">
    </testcase>
    <testcase name="LOGIN Selenium suite - đăng nhập &amp; phân quyền LOGIN-005 admin thấy form quản lý dữ liệu (data:manage)" time="0.445" classname="LOGIN-005 admin thấy form quản lý dữ liệu (data:manage)">
    </testcase>
    <testcase name="LOGIN Selenium suite - đăng nhập &amp; phân quyền LOGIN-006 tester chỉ xem, không có form quản lý dữ liệu" time="0.415" classname="LOGIN-006 tester chỉ xem, không có form quản lý dữ liệu">
    </testcase>
    <testcase name="LOGIN Selenium suite - đăng nhập &amp; phân quyền LOGIN-007 phiên đăng nhập hợp lệ được giữ sau khi tải lại trang" time="0.397" classname="LOGIN-007 phiên đăng nhập hợp lệ được giữ sau khi tải lại trang">
    </testcase>
    <testcase name="LOGIN Selenium suite - đăng nhập &amp; phân quyền LOGIN-008 tester bị API từ chối khi cố ghi đè dữ liệu" time="0.345" classname="LOGIN-008 tester bị API từ chối khi cố ghi đè dữ liệu">
    </testcase>
  </testsuite>
  <testsuite name="YC7 Selenium WebDriver smoke/regression suite" timestamp="2026-09-02T08:18:55" tests="13" file="D:\software-testing-and-evaluation\tests\selenium-js\src\specs\yc7.smoke.e2e.mjs" time="10.229" failures="0">
    <testcase name="YC7 Selenium WebDriver smoke/regression suite YC7-SMOKE-001 mở dashboard và hiển thị luồng nghiệp vụ chính" time="0.160" classname="YC7-SMOKE-001 mở dashboard và hiển thị luồng nghiệp vụ chính">
    </testcase>
    <testcase name="YC7 Selenium WebDriver smoke/regression suite YC7-CRUD-001 thêm mới bằng cấp và tìm kiếm lại trên bảng" time="1.705" classname="YC7-CRUD-001 thêm mới bằng cấp và tìm kiếm lại trên bảng">
    </testcase>
    <testcase name="YC7 Selenium WebDriver smoke/regression suite YC7-NAV-001 mở trang giáo viên và kiểm tra dữ liệu demo" time="0.207" classname="YC7-NAV-001 mở trang giáo viên và kiểm tra dữ liệu demo">
    </testcase>
    <testcase name="YC7 Selenium WebDriver smoke/regression suite YC7-CLASS-STATS-001 thống kê lớp hiển thị phân công và sĩ số" time="0.106" classname="YC7-CLASS-STATS-001 thống kê lớp hiển thị phân công và sĩ số">
    </testcase>
    <testcase name="YC7 Selenium WebDriver smoke/regression suite YC7-CLASS-COEF-001 hiển thị đúng mức điều chỉnh lớp ở cả hai năm học" time="0.281" classname="YC7-CLASS-COEF-001 hiển thị đúng mức điều chỉnh lớp ở cả hai năm học">
    </testcase>
    <testcase name="YC7 Selenium WebDriver smoke/regression suite YC7-CLASS-COEF-INPUT-001 cho phép nhập mức điều chỉnh âm bằng bàn phím" time="0.266" classname="YC7-CLASS-COEF-INPUT-001 cho phép nhập mức điều chỉnh âm bằng bàn phím">
    </testcase>
    <testcase name="YC7 Selenium WebDriver smoke/regression suite YC7-CLASS-COEF-CRUD-001 lưu và hiển thị đúng mức điều chỉnh âm" time="1.314" classname="YC7-CLASS-COEF-CRUD-001 lưu và hiển thị đúng mức điều chỉnh âm">
    </testcase>
    <testcase name="YC7 Selenium WebDriver smoke/regression suite YC7-CLASS-BATCH-001 tạo nguyên lô hai lớp với mã tăng tự động" time="1.629" classname="YC7-CLASS-BATCH-001 tạo nguyên lô hai lớp với mã tăng tự động">
    </testcase>
    <testcase name="YC7 Selenium WebDriver smoke/regression suite YC7-COEFFICIENT-COPY-001 sao chép trọn bộ hệ số sang năm kế tiếp" time="1.903" classname="YC7-COEFFICIENT-COPY-001 sao chép trọn bộ hệ số sang năm kế tiếp">
    </testcase>
    <testcase name="YC7 Selenium WebDriver smoke/regression suite YC7-CONCURRENCY-001 từ chối snapshot cũ và giữ được dữ liệu mới hơn" time="0.135" classname="YC7-CONCURRENCY-001 từ chối snapshot cũ và giữ được dữ liệu mới hơn">
    </testcase>
    <testcase name="YC7 Selenium WebDriver smoke/regression suite YC7-PAY-001 Tính tiền thủ công với mức điều chỉnh lớp âm" time="0.662" classname="YC7-PAY-001 Tính tiền thủ công với mức điều chỉnh lớp âm">
    </testcase>
    <testcase name="YC7 Selenium WebDriver smoke/regression suite YC7-PAY-002 Tính tiền thủ công với hệ số lớp bằng 0" time="0.589" classname="YC7-PAY-002 Tính tiền thủ công với hệ số lớp bằng 0">
    </testcase>
    <testcase name="YC7 Selenium WebDriver smoke/regression suite YC7-REPORT-001 mở báo cáo và kiểm tra dữ liệu tổng hợp" time="0.170" classname="YC7-REPORT-001 mở báo cáo và kiểm tra dữ liệu tổng hợp">
    </testcase>
  </testsuite>
</testsuites>